Vivado Simulator 2019.2
Copyright 1986-1999, 2001-2019 Xilinx, Inc. All Rights Reserved.
Running: C:/Xilinx/Vivado/2019.2/bin/unwrapped/win64.o/xelab.exe -wto a018b4ce0adb4cee8fb8dfa7a9b0d923 --incr --debug typical --relax --mt 2 -L xil_defaultlib -L unisims_ver -L unimacro_ver -L secureip -L xpm --snapshot design_1_wrapper_behav xil_defaultlib.design_1_wrapper xil_defaultlib.glbl -log elaborate.log 
Using 2 slave threads.
Starting static elaboration
Pass Through NonSizing Optimizer
Completed static elaboration
Starting simulation data flow analysis
Completed simulation data flow analysis
Time Resolution for simulation is 1ps
Compiling module unisims_ver.IBUF
Compiling module unisims_ver.MMCME2_ADV(CLKFBOUT_MULT_F=32.0,...
Compiling module unisims_ver.BUFG
Compiling module xil_defaultlib.design_1_clk_wiz_0_0_clk_wiz
Compiling module xil_defaultlib.design_1_clk_wiz_0_0
Compiling module xil_defaultlib.top
Compiling module xil_defaultlib.design_1_top_0_0
Compiling module xil_defaultlib.design_1
Compiling module xil_defaultlib.design_1_wrapper
Compiling module xil_defaultlib.glbl
Built simulation snapshot design_1_wrapper_behav
